#
# A fatal error has been detected by the Java Runtime Environment:
#
#  EXCEPTION_ACCESS_VIOLATION (0xc0000005) at pc=0x00007ffab97b7f65, pid=12108, tid=11812
#
# JRE version: OpenJDK Runtime Environment (11.0.8+10) (build 11.0.8+10-b944.6842174)
# Java VM: OpenJDK 64-Bit Server VM (11.0.8+10-b944.6842174, mixed mode, tiered, compressed oops, g1 gc, windows-amd64)
# Problematic frame:
# V  [jvm.dll+0x357f65]
#
# No core dump will be written. Minidumps are not enabled by default on client versions of Windows
#
# If you would like to submit a bug report, please visit:
#   https://bugreport.java.com/bugreport/crash.jsp
#

---------------  S U M M A R Y ------------

Command Line: --add-opens=java.base/java.util=ALL-UNNAMED --add-opens=java.base/java.lang=ALL-UNNAMED --add-opens=java.base/java.lang.invoke=ALL-UNNAMED --add-opens=java.prefs/java.util.prefs=ALL-UNNAMED -Xmx2048m -Dfile.encoding=UTF-8 -Duser.country=IN -Duser.language=en -Duser.variant org.gradle.launcher.daemon.bootstrap.GradleDaemon 6.7.1

Host: Intel(R) Core(TM) i5-9300H CPU @ 2.40GHz, 8 cores, 15G,  Windows 10 , 64 bit Build 19041 (10.0.19041.1023)
Time: Sun Jul  4 14:22:09 2021 India Standard Time elapsed time: 2 seconds (0d 0h 0m 2s)

---------------  T H R E A D  ---------------

Current thread (0x00000294b15cb800):  JavaThread "C1 CompilerThread0" daemon [_thread_in_vm, id=11812, stack(0x000000cc74400000,0x000000cc74500000)]


Current CompileTask:
C1:   2777 2122       3       jdk.internal.reflect.NativeMethodAccessorImpl::invoke (104 bytes)

Stack: [0x000000cc74400000,0x000000cc74500000],  sp=0x000000cc744fdd58,  free space=1015k
Native frames: (J=compiled Java code, j=interpreted, Vv=VM code, C=native code)
V  [jvm.dll+0x357f65]
V  [jvm.dll+0x359ffd]
V  [jvm.dll+0x24c9a6]
V  [jvm.dll+0x24c29d]
V  [jvm.dll+0x24c077]
V  [jvm.dll+0x1a2a71]
V  [jvm.dll+0x129053]
V  [jvm.dll+0x12b563]
V  [jvm.dll+0x129a39]
V  [jvm.dll+0x1325a3]
V  [jvm.dll+0x131c5d]
V  [jvm.dll+0x129127]
V  [jvm.dll+0x12b563]
V  [jvm.dll+0x129b72]
V  [jvm.dll+0x122dc5]
V  [jvm.dll+0x133816]
V  [jvm.dll+0x1336c9]
V  [jvm.dll+0x11ea19]
V  [jvm.dll+0x11ed6a]
V  [jvm.dll+0x11ef63]
V  [jvm.dll+0x11e277]
V  [jvm.dll+0x11fe47]
V  [jvm.dll+0x205047]
V  [jvm.dll+0x203891]
V  [jvm.dll+0x6dad3f]
V  [jvm.dll+0x6d3895]
V  [jvm.dll+0x5dd4a6]
C  [ucrtbase.dll+0x21bb2]
C  [KERNEL32.DLL+0x17034]
C  [ntdll.dll+0x52651]


siginfo: EXCEPTION_ACCESS_VIOLATION (0xc0000005), reading address 0xffffffffffffffff


Register to memory mapping:

RIP=0x00007ffab97b7f65 jvm.dll
RAX=0x0000000000000003 is an unknown value
RBX=0x00000294b0c1f3e0 points into unknown readable memory: 14 00 ff ff 5d 3f 28 29
RCX=0x0001000000000000 is an unknown value
RDX=0x00000294b0c1d600 points into unknown readable memory: 05 00 ff ff 1b 83 63 6c
RSP=0x000000cc744fdd58 is pointing into the stack for thread: 0x00000294b15cb800
RBP=0x0000000000000008 is an unknown value
RSI=0x0001000000000000 is an unknown value
RDI=0x00000294b0c1d600 points into unknown readable memory: 05 00 ff ff 1b 83 63 6c
R8 =0x00000294b0c1f3e0 points into unknown readable memory: 14 00 ff ff 5d 3f 28 29
R9 =0x0 is NULL
R10=0x00000294b0c1d938 points into unknown readable memory: 0c 00 ff ff 81 5c 67 65
R11=0xffffffffffffffff is an unknown value
R12=0x0 is NULL
R13=0x00000000000000b6 is an unknown value
R14=0x00000294b1530590 points into unknown readable memory: e0 c7 c4 b9 fa 7f 00 00
R15=0x00000294b3dc13c0 points into unknown readable memory: f0 dd c3 b9 fa 7f 00 00


Registers:
RAX=0x0000000000000003, RBX=0x00000294b0c1f3e0, RCX=0x0001000000000000, RDX=0x00000294b0c1d600
RSP=0x000000cc744fdd58, RBP=0x0000000000000008, RSI=0x0001000000000000, RDI=0x00000294b0c1d600
R8 =0x00000294b0c1f3e0, R9 =0x0000000000000000, R10=0x00000294b0c1d938, R11=0xffffffffffffffff
R12=0x0000000000000000, R13=0x00000000000000b6, R14=0x00000294b1530590, R15=0x00000294b3dc13c0
RIP=0x00007ffab97b7f65, EFLAGS=0x0000000000010206

Top of Stack: (sp=0x000000cc744fdd58)
0x000000cc744fdd58:   00007ffab97b9ffd 00000294b0c1f3e0
0x000000cc744fdd68:   0000000000018300 00000294b15cb800
0x000000cc744fdd78:   00000294b5b0ad40 0000000000000000
0x000000cc744fdd88:   00007ffab96ac9a6 000000cc744fe1c0
0x000000cc744fdd98:   000000010031e9b8 000000010031e9b8
0x000000cc744fdda8:   000000cc744fe1c0 000000cc744fdfe0
0x000000cc744fddb8:   00007ffab9b0731e 0000000000000000
0x000000cc744fddc8:   00000294b0d30910 00000294b15cb800
0x000000cc744fddd8:   00000294b157ff50 0000000100001000
0x000000cc744fdde8:   000000cc744fe1d0 000000cc744fe020
0x000000cc744fddf8:   000000cc744fdf10 0000000000000000
0x000000cc744fde08:   00007ffab99440ee 0000000000000008
0x000000cc744fde18:   00007ffab96ac29d 0000000000000008
0x000000cc744fde28:   000000cc744fe1c0 000000010031e9b8
0x000000cc744fde38:   00007ffab9b07290 00000294b0c1f300
0x000000cc744fde48:   00000294b0d30910 0000000100358568 

Instructions: (pc=0x00007ffab97b7f65)
0x00007ffab97b7e65:   13 d6 ff 48 8b cd e8 a0 12 d6 ff 48 8b 44 24 20
0x00007ffab97b7e75:   48 89 46 18 48 8b 44 24 28 48 89 46 20 48 89 6e
0x00007ffab97b7e85:   10 33 c0 eb 75 4c 89 74 24 38 49 89 06 48 8b cf
0x00007ffab97b7e95:   e8 b6 9a 25 00 48 8b cb e8 ae 9a 25 00 48 83 7d
0x00007ffab97b7ea5:   00 00 74 18 48 8b 94 24 80 00 00 00 48 8b ce e8
0x00007ffab97b7eb5:   a7 13 d6 ff 48 8b cd e8 4f 12 d6 ff 48 8b 44 24
0x00007ffab97b7ec5:   20 44 8b 84 24 90 00 00 00 48 89 46 18 48 8b 44
0x00007ffab97b7ed5:   24 28 48 89 46 20 48 89 6e 10 49 8b 0e 45 84 ff
0x00007ffab97b7ee5:   74 0a 41 8b d0 e8 11 b7 16 00 eb 0e 48 8b 01 4d
0x00007ffab97b7ef5:   8b cc 33 d2 ff 90 e0 00 00 00 48 8b 9c 24 88 00
0x00007ffab97b7f05:   00 00 48 83 c4 40 41 5f 41 5e 41 5d 41 5c 5f 5e
0x00007ffab97b7f15:   5d c3 cc cc cc cc cc cc cc cc cc 48 8b 01 4d 8b
0x00007ffab97b7f25:   c8 41 b8 01 00 00 00 48 ff a0 e0 00 00 00 cc cc
0x00007ffab97b7f35:   cc cc cc cc cc cc cc cc cc cc cc 48 8b 81 e0 00
0x00007ffab97b7f45:   00 00 48 85 c0 74 11 48 8b 89 e0 00 00 00 48 8b
0x00007ffab97b7f55:   01 48 ff a0 40 01 00 00 c3 cc cc 48 89 5c 24 08
0x00007ffab97b7f65:   44 8b 01 45 33 c9 41 83 e8 01 4c 8b da 48 8b d9
0x00007ffab97b7f75:   78 4a 66 0f 1f 84 00 00 00 00 00 43 8d 04 08 d1
0x00007ffab97b7f85:   f8 48 63 d0 48 8b 4c d3 08 48 8b 49 08 0f b7 51
0x00007ffab97b7f95:   2a 48 8b 49 08 4c 8b 54 d1 40 4d 3b d3 72 14 33
0x00007ffab97b7fa5:   c9 4d 3b d3 0f 95 c1 85 c9 74 14 78 06 44 8d 40
0x00007ffab97b7fb5:   ff eb 04 44 8d 48 01 45 3b c8 7e bf 83 c8 ff 48
0x00007ffab97b7fc5:   8b 5c 24 08 c3 cc cc cc cc cc cc 4c 8b dc 55 56
0x00007ffab97b7fd5:   49 8d 6b d8 48 81 ec 18 01 00 00 48 8b 05 c9 cd
0x00007ffab97b7fe5:   65 00 48 33 c4 48 89 45 e0 4c 8b 05 a3 53 6c 00
0x00007ffab97b7ff5:   48 8b f2 48 8b 15 61 48 6c 00 49 89 5b 18 4d 89
0x00007ffab97b8005:   73 d0 4c 8b f1 e8 a1 1e 00 00 48 8b d8 48 85 c0
0x00007ffab97b8015:   74 0c 48 8b c8 e8 d1 ca 23 00 84 c0 75 02 33 db
0x00007ffab97b8025:   48 89 bc 24 10 01 00 00 48 89 5c 24 20 48 89 74
0x00007ffab97b8035:   24 28 48 85 db 74 26 48 8b be 80 02 00 00 8b 17
0x00007ffab97b8045:   3b 57 04 75 08 48 8b cf e8 5e 1b 01 00 48 63 0f
0x00007ffab97b8055:   8d 41 01 89 07 48 8b 47 18 48 89 1c c8 48 83 3d 


Stack slot to memory mapping:
stack at sp + 0 slots: 0x00007ffab97b9ffd jvm.dll
stack at sp + 1 slots: 0x00000294b0c1f3e0 points into unknown readable memory: 14 00 ff ff 5d 3f 28 29
stack at sp + 2 slots: 0x0000000000018300 is an unknown value
stack at sp + 3 slots: 0x00000294b15cb800 is a thread
stack at sp + 4 slots: {method} {0x00000294b5b0ad48} '<init>' '()V' in 'jdk/internal/reflect/AccessorGenerator'
stack at sp + 5 slots: 0x0 is NULL
stack at sp + 6 slots: 0x00007ffab96ac9a6 jvm.dll
stack at sp + 7 slots: 0x000000cc744fe1c0 is pointing into the stack for thread: 0x00000294b15cb800


---------------  P R O C E S S  ---------------

Threads class SMR info:
_java_thread_list=0x00000294b4f57a00, length=24, elements={
0x00000294969ee000, 0x00000294b1561000, 0x00000294b156a800, 0x00000294b0d2c000,
0x00000294b0d2d000, 0x00000294b0d2e000, 0x00000294b15cb800, 0x00000294b15d0800,
0x00000294b1733000, 0x00000294b1747800, 0x00000294b31ab800, 0x00000294b192d000,
0x00000294b2797800, 0x00000294b35ac800, 0x00000294b2db5000, 0x00000294b3157800,
0x00000294b2bb7800, 0x00000294b2c0d800, 0x00000294b34dc800, 0x00000294b4e2c800,
0x00000294b36f6000, 0x00000294b4a26800, 0x00000294b4a24000, 0x00000294b4a27800
}

Java Threads: ( => current thread )
  0x00000294969ee000 JavaThread "main" [_thread_blocked, id=2712, stack(0x000000cc73800000,0x000000cc73900000)]
  0x00000294b1561000 JavaThread "Reference Handler" daemon [_thread_blocked, id=1852, stack(0x000000cc73f00000,0x000000cc74000000)]
  0x00000294b156a800 JavaThread "Finalizer" daemon [_thread_blocked, id=4132, stack(0x000000cc74000000,0x000000cc74100000)]
  0x00000294b0d2c000 JavaThread "Signal Dispatcher" daemon [_thread_blocked, id=11768, stack(0x000000cc74100000,0x000000cc74200000)]
  0x00000294b0d2d000 JavaThread "Attach Listener" daemon [_thread_blocked, id=7080, stack(0x000000cc74200000,0x000000cc74300000)]
  0x00000294b0d2e000 JavaThread "C2 CompilerThread0" daemon [_thread_blocked, id=11804, stack(0x000000cc74300000,0x000000cc74400000)]
=>0x00000294b15cb800 JavaThread "C1 CompilerThread0" daemon [_thread_in_vm, id=11812, stack(0x000000cc74400000,0x000000cc74500000)]
  0x00000294b15d0800 JavaThread "Sweeper thread" daemon [_thread_blocked, id=11696, stack(0x000000cc74500000,0x000000cc74600000)]
  0x00000294b1733000 JavaThread "Common-Cleaner" daemon [_thread_blocked, id=5152, stack(0x000000cc74600000,0x000000cc74700000)]
  0x00000294b1747800 JavaThread "Service Thread" daemon [_thread_blocked, id=12156, stack(0x000000cc74700000,0x000000cc74800000)]
  0x00000294b31ab800 JavaThread "Daemon health stats" [_thread_blocked, id=12168, stack(0x000000cc75000000,0x000000cc75100000)]
  0x00000294b192d000 JavaThread "Incoming local TCP Connector on port 49326" [_thread_in_native, id=5992, stack(0x000000cc75100000,0x000000cc75200000)]
  0x00000294b2797800 JavaThread "Daemon periodic checks" [_thread_blocked, id=2340, stack(0x000000cc75200000,0x000000cc75300000)]
  0x00000294b35ac800 JavaThread "Daemon" [_thread_blocked, id=6960, stack(0x000000cc75300000,0x000000cc75400000)]
  0x00000294b2db5000 JavaThread "Handler for socket connection from /127.0.0.1:49326 to /127.0.0.1:49327" [_thread_in_native, id=11900, stack(0x000000cc75400000,0x000000cc75500000)]
  0x00000294b3157800 JavaThread "C2 CompilerThread1" daemon [_thread_blocked, id=12116, stack(0x000000cc75500000,0x000000cc75600000)]
  0x00000294b2bb7800 JavaThread "Cancel handler" [_thread_blocked, id=9028, stack(0x000000cc75600000,0x000000cc75700000)]
  0x00000294b2c0d800 JavaThread "Daemon worker" [_thread_blocked, id=8400, stack(0x000000cc75700000,0x000000cc75800000)]
  0x00000294b34dc800 JavaThread "Asynchronous log dispatcher for DefaultDaemonConnection: socket connection from /127.0.0.1:49326 to /127.0.0.1:49327" [_thread_blocked, id=11456, stack(0x000000cc75800000,0x000000cc75900000)]
  0x00000294b4e2c800 JavaThread "Stdin handler" [_thread_blocked, id=9120, stack(0x000000cc75900000,0x000000cc75a00000)]
  0x00000294b36f6000 JavaThread "Thread-8" [_thread_blocked, id=416, stack(0x000000cc75a00000,0x000000cc75b00000)]
  0x00000294b4a26800 JavaThread "Cache worker for file hash cache (C:\Users\gokul\.gradle\caches\6.7.1\fileHashes)" [_thread_blocked, id=768, stack(0x000000cc75b00000,0x000000cc75c00000)]
  0x00000294b4a24000 JavaThread "File lock request listener" [_thread_in_native, id=1192, stack(0x000000cc75c00000,0x000000cc75d00000)]
  0x00000294b4a27800 JavaThread "Cache worker for journal cache (C:\Users\gokul\.gradle\caches\journal-1)" [_thread_blocked, id=9456, stack(0x000000cc76000000,0x000000cc76100000)]

Other Threads:
  0x00000294b155f000 VMThread "VM Thread" [stack: 0x000000cc73e00000,0x000000cc73f00000] [id=1244]
  0x00000294b1749000 WatcherThread [stack: 0x000000cc74800000,0x000000cc74900000] [id=7448]
  0x0000029496a04800 GCTaskThread "GC Thread#0" [stack: 0x000000cc73900000,0x000000cc73a00000] [id=2708]
  0x00000294b2363000 GCTaskThread "GC Thread#1" [stack: 0x000000cc74b00000,0x000000cc74c00000] [id=9088]
  0x00000294b245a800 GCTaskThread "GC Thread#2" [stack: 0x000000cc74c00000,0x000000cc74d00000] [id=8764]
  0x00000294b21fb800 GCTaskThread "GC Thread#3" [stack: 0x000000cc74d00000,0x000000cc74e00000] [id=11504]
  0x00000294b21fc000 GCTaskThread "GC Thread#4" [stack: 0x000000cc74e00000,0x000000cc74f00000] [id=11792]
  0x00000294b2307000 GCTaskThread "GC Thread#5" [stack: 0x000000cc74f00000,0x000000cc75000000] [id=7644]
  0x00000294b2bdc800 GCTaskThread "GC Thread#6" [stack: 0x000000cc75d00000,0x000000cc75e00000] [id=9972]
  0x00000294b2e82000 GCTaskThread "GC Thread#7" [stack: 0x000000cc75e00000,0x000000cc75f00000] [id=3856]
  0x0000029496a39800 ConcurrentGCThread "G1 Main Marker" [stack: 0x000000cc73a00000,0x000000cc73b00000] [id=1576]
  0x0000029496a3b800 ConcurrentGCThread "G1 Conc#0" [stack: 0x000000cc73b00000,0x000000cc73c00000] [id=4184]
  0x00000294b263e800 ConcurrentGCThread "G1 Conc#1" [stack: 0x000000cc75f00000,0x000000cc76000000] [id=3464]
  0x0000029496ace000 ConcurrentGCThread "G1 Refine#0" [stack: 0x000000cc73c00000,0x000000cc73d00000] [id=3708]
  0x00000294b0ba8800 ConcurrentGCThread "G1 Young RemSet Sampling" [stack: 0x000000cc73d00000,0x000000cc73e00000] [id=7720]

Threads with active compile tasks:
C1 CompilerThread0   2850 2122       3       jdk.internal.reflect.NativeMethodAccessorImpl::invoke (104 bytes)

VM state:not at safepoint (normal execution)

VM Mutex/Monitor currently owned by a thread:  ([mutex/lock_event])
[0x00000294969e9830] Compile_lock - owner thread: 0x00000294b15cb800

Heap address: 0x0000000080000000, size: 2048 MB, Compressed Oops mode: 32-bit
Narrow klass base: 0x0000000000000000, Narrow klass shift: 3
Compressed class space size: 1073741824 Address: 0x0000000100000000

Heap:
 garbage-first heap   total 260096K, used 53118K [0x0000000080000000, 0x0000000100000000)
  region size 1024K, 48 young (49152K), 11 survivors (11264K)
 Metaspace       used 24793K, capacity 25358K, committed 25472K, reserved 1071104K
  class space    used 3194K, capacity 3427K, committed 3456K, reserved 1048576K
Heap Regions: E=young(eden), S=young(survivor), O=old, HS=humongous(starts), HC=humongous(continues), CS=collection set, F=free, A=archive, TAMS=top-at-mark-start (previous, next)
|   0|0x0000000080000000, 0x0000000080000000, 0x0000000080100000|  0%| F|  |TAMS 0x0000000080000000, 0x0000000080000000| Untracked 
|   1|0x0000000080100000, 0x0000000080100000, 0x0000000080200000|  0%| F|  |TAMS 0x0000000080100000, 0x0000000080100000| Untracked 
|   2|0x0000000080200000, 0x0000000080200000, 0x0000000080300000|  0%| F|  |TAMS 0x0000000080200000, 0x0000000080200000| Untracked 
|   3|0x0000000080300000, 0x0000000080400000, 0x0000000080400000|100%|HS|  |TAMS 0x0000000080400000, 0x0000000080300000| Complete 
|   4|0x0000000080400000, 0x0000000080500000, 0x0000000080500000|100%|HC|  |TAMS 0x0000000080500000, 0x0000000080400000| Complete 
|   5|0x0000000080500000, 0x0000000080600000, 0x0000000080600000|100%|HC|  |TAMS 0x0000000080600000, 0x0000000080500000| Complete 
|   6|0x0000000080600000, 0x0000000080700000, 0x0000000080700000|100%| O|  |TAMS 0x0000000080700000, 0x0000000080600000| Untracked 
|   7|0x0000000080700000, 0x0000000080800000, 0x0000000080800000|100%| O|  |TAMS 0x0000000080800000, 0x0000000080700000| Untracked 
|   8|0x0000000080800000, 0x000000008085fa00, 0x0000000080900000| 37%| O|  |TAMS 0x000000008085fa00, 0x0000000080800000| Untracked 
|   9|0x0000000080900000, 0x0000000080900000, 0x0000000080a00000|  0%| F|  |TAMS 0x0000000080900000, 0x0000000080900000| Untracked 
|  10|0x0000000080a00000, 0x0000000080a00000, 0x0000000080b00000|  0%| F|  |TAMS 0x0000000080a00000, 0x0000000080a00000| Untracked 
|  11|0x0000000080b00000, 0x0000000080b00000, 0x0000000080c00000|  0%| F|  |TAMS 0x0000000080b00000, 0x0000000080b00000| Untracked 
|  12|0x0000000080c00000, 0x0000000080c00000, 0x0000000080d00000|  0%| F|  |TAMS 0x0000000080c00000, 0x0000000080c00000| Untracked 
|  13|0x0000000080d00000, 0x0000000080d00000, 0x0000000080e00000|  0%| F|  |TAMS 0x0000000080d00000, 0x0000000080d00000| Untracked 
|  14|0x0000000080e00000, 0x0000000080e00000, 0x0000000080f00000|  0%| F|  |TAMS 0x0000000080e00000, 0x0000000080e00000| Untracked 
|  15|0x0000000080f00000, 0x0000000080f00000, 0x0000000081000000|  0%| F|  |TAMS 0x0000000080f00000, 0x0000000080f00000| Untracked 
|  16|0x0000000081000000, 0x0000000081000000, 0x0000000081100000|  0%| F|  |TAMS 0x0000000081000000, 0x0000000081000000| Untracked 
|  17|0x0000000081100000, 0x0000000081100000, 0x0000000081200000|  0%| F|  |TAMS 0x0000000081100000, 0x0000000081100000| Untracked 
|  18|0x0000000081200000, 0x0000000081200000, 0x0000000081300000|  0%| F|  |TAMS 0x0000000081200000, 0x0000000081200000| Untracked 
|  19|0x0000000081300000, 0x0000000081300000, 0x0000000081400000|  0%| F|  |TAMS 0x0000000081300000, 0x0000000081300000| Untracked 
|  20|0x0000000081400000, 0x0000000081400000, 0x0000000081500000|  0%| F|  |TAMS 0x0000000081400000, 0x0000000081400000| Untracked 
|  21|0x0000000081500000, 0x0000000081500000, 0x0000000081600000|  0%| F|  |TAMS 0x0000000081500000, 0x0000000081500000| Untracked 
|  22|0x0000000081600000, 0x0000000081600000, 0x0000000081700000|  0%| F|  |TAMS 0x0000000081600000, 0x0000000081600000| Untracked 
|  23|0x0000000081700000, 0x0000000081700000, 0x0000000081800000|  0%| F|  |TAMS 0x0000000081700000, 0x0000000081700000| Untracked 
|  24|0x0000000081800000, 0x0000000081800000, 0x0000000081900000|  0%| F|  |TAMS 0x0000000081800000, 0x0000000081800000| Untracked 
|  25|0x0000000081900000, 0x0000000081900000, 0x0000000081a00000|  0%| F|  |TAMS 0x0000000081900000, 0x0000000081900000| Untracked 
|  26|0x0000000081a00000, 0x0000000081a00000, 0x0000000081b00000|  0%| F|  |TAMS 0x0000000081a00000, 0x0000000081a00000| Untracked 
|  27|0x0000000081b00000, 0x0000000081b00000, 0x0000000081c00000|  0%| F|  |TAMS 0x0000000081b00000, 0x0000000081b00000| Untracked 
|  28|0x0000000081c00000, 0x0000000081c00000, 0x0000000081d00000|  0%| F|  |TAMS 0x0000000081c00000, 0x0000000081c00000| Untracked 
|  29|0x0000000081d00000, 0x0000000081d00000, 0x0000000081e00000|  0%| F|  |TAMS 0x0000000081d00000, 0x0000000081d00000| Untracked 
|  30|0x0000000081e00000, 0x0000000081e00000, 0x0000000081f00000|  0%| F|  |TAMS 0x0000000081e00000, 0x0000000081e00000| Untracked 
|  31|0x0000000081f00000, 0x0000000081f00000, 0x0000000082000000|  0%| F|  |TAMS 0x0000000081f00000, 0x0000000081f00000| Untracked 
|  32|0x0000000082000000, 0x0000000082000000, 0x0000000082100000|  0%| F|  |TAMS 0x0000000082000000, 0x0000000082000000| Untracked 
|  33|0x0000000082100000, 0x0000000082100000, 0x0000000082200000|  0%| F|  |TAMS 0x0000000082100000, 0x0000000082100000| Untracked 
|  34|0x0000000082200000, 0x0000000082200000, 0x0000000082300000|  0%| F|  |TAMS 0x0000000082200000, 0x0000000082200000| Untracked 
|  35|0x0000000082300000, 0x0000000082300000, 0x0000000082400000|  0%| F|  |TAMS 0x0000000082300000, 0x0000000082300000| Untracked 
|  36|0x0000000082400000, 0x0000000082400000, 0x0000000082500000|  0%| F|  |TAMS 0x0000000082400000, 0x0000000082400000| Untracked 
|  37|0x0000000082500000, 0x0000000082500000, 0x0000000082600000|  0%| F|  |TAMS 0x0000000082500000, 0x0000000082500000| Untracked 
|  38|0x0000000082600000, 0x0000000082600000, 0x0000000082700000|  0%| F|  |TAMS 0x0000000082600000, 0x0000000082600000| Untracked 
|  39|0x0000000082700000, 0x0000000082700000, 0x0000000082800000|  0%| F|  |TAMS 0x0000000082700000, 0x0000000082700000| Untracked 
|  40|0x0000000082800000, 0x0000000082800000, 0x0000000082900000|  0%| F|  |TAMS 0x0000000082800000, 0x0000000082800000| Untracked 
|  41|0x0000000082900000, 0x0000000082900000, 0x0000000082a00000|  0%| F|  |TAMS 0x0000000082900000, 0x0000000082900000| Untracked 
|  42|0x0000000082a00000, 0x0000000082a00000, 0x0000000082b00000|  0%| F|  |TAMS 0x0000000082a00000, 0x0000000082a00000| Untracked 
|  43|0x0000000082b00000, 0x0000000082b00000, 0x0000000082c00000|  0%| F|  |TAMS 0x0000000082b00000, 0x0000000082b00000| Untracked 
|  44|0x0000000082c00000, 0x0000000082c00000, 0x0000000082d00000|  0%| F|  |TAMS 0x0000000082c00000, 0x0000000082c00000| Untracked 
|  45|0x0000000082d00000, 0x0000000082d00000, 0x0000000082e00000|  0%| F|  |TAMS 0x0000000082d00000, 0x0000000082d00000| Untracked 
|  46|0x0000000082e00000, 0x0000000082e00000, 0x0000000082f00000|  0%| F|  |TAMS 0x0000000082e00000, 0x0000000082e00000| Untracked 
|  47|0x0000000082f00000, 0x0000000082f00000, 0x0000000083000000|  0%| F|  |TAMS 0x0000000082f00000, 0x0000000082f00000| Untracked 
|  48|0x0000000083000000, 0x0000000083000000, 0x0000000083100000|  0%| F|  |TAMS 0x0000000083000000, 0x0000000083000000| Untracked 
|  49|0x0000000083100000, 0x0000000083100000, 0x0000000083200000|  0%| F|  |TAMS 0x0000000083100000, 0x0000000083100000| Untracked 
|  50|0x0000000083200000, 0x0000000083200000, 0x0000000083300000|  0%| F|  |TAMS 0x0000000083200000, 0x0000000083200000| Untracked 
|  51|0x0000000083300000, 0x0000000083300000, 0x0000000083400000|  0%| F|  |TAMS 0x0000000083300000, 0x0000000083300000| Untracked 
|  52|0x0000000083400000, 0x0000000083400000, 0x0000000083500000|  0%| F|  |TAMS 0x0000000083400000, 0x0000000083400000| Untracked 
|  53|0x0000000083500000, 0x0000000083500000, 0x0000000083600000|  0%| F|  |TAMS 0x0000000083500000, 0x0000000083500000| Untracked 
|  54|0x0000000083600000, 0x0000000083600000, 0x0000000083700000|  0%| F|  |TAMS 0x0000000083600000, 0x0000000083600000| Untracked 
|  55|0x0000000083700000, 0x0000000083700000, 0x0000000083800000|  0%| F|  |TAMS 0x0000000083700000, 0x0000000083700000| Untracked 
|  56|0x0000000083800000, 0x0000000083800000, 0x0000000083900000|  0%| F|  |TAMS 0x0000000083800000, 0x0000000083800000| Untracked 
|  57|0x0000000083900000, 0x0000000083900000, 0x0000000083a00000|  0%| F|  |TAMS 0x0000000083900000, 0x0000000083900000| Untracked 
|  58|0x0000000083a00000, 0x0000000083a00000, 0x0000000083b00000|  0%| F|  |TAMS 0x0000000083a00000, 0x0000000083a00000| Untracked 
|  59|0x0000000083b00000, 0x0000000083b00000, 0x0000000083c00000|  0%| F|  |TAMS 0x0000000083b00000, 0x0000000083b00000| Untracked 
|  60|0x0000000083c00000, 0x0000000083c00000, 0x0000000083d00000|  0%| F|  |TAMS 0x0000000083c00000, 0x0000000083c00000| Untracked 
|  61|0x0000000083d00000, 0x0000000083d00000, 0x0000000083e00000|  0%| F|  |TAMS 0x0000000083d00000, 0x0000000083d00000| Untracked 
|  62|0x0000000083e00000, 0x0000000083e00000, 0x0000000083f00000|  0%| F|  |TAMS 0x0000000083e00000, 0x0000000083e00000| Untracked 
|  63|0x0000000083f00000, 0x0000000083f00000, 0x0000000084000000|  0%| F|  |TAMS 0x0000000083f00000, 0x0000000083f00000| Untracked 
|  64|0x0000000084000000, 0x0000000084000000, 0x0000000084100000|  0%| F|  |TAMS 0x0000000084000000, 0x0000000084000000| Untracked 
|  65|0x0000000084100000, 0x0000000084100000, 0x0000000084200000|  0%| F|  |TAMS 0x0000000084100000, 0x0000000084100000| Untracked 
|  66|0x0000000084200000, 0x0000000084200000, 0x0000000084300000|  0%| F|  |TAMS 0x0000000084200000, 0x0000000084200000| Untracked 
|  67|0x0000000084300000, 0x0000000084300000, 0x0000000084400000|  0%| F|  |TAMS 0x0000000084300000, 0x0000000084300000| Untracked 
|  68|0x0000000084400000, 0x0000000084400000, 0x0000000084500000|  0%| F|  |TAMS 0x0000000084400000, 0x0000000084400000| Untracked 
|  69|0x0000000084500000, 0x0000000084500000, 0x0000000084600000|  0%| F|  |TAMS 0x0000000084500000, 0x0000000084500000| Untracked 
|  70|0x0000000084600000, 0x0000000084600000, 0x0000000084700000|  0%| F|  |TAMS 0x0000000084600000, 0x0000000084600000| Untracked 
|  71|0x0000000084700000, 0x0000000084700000, 0x0000000084800000|  0%| F|  |TAMS 0x0000000084700000, 0x0000000084700000| Untracked 
|  72|0x0000000084800000, 0x0000000084800000, 0x0000000084900000|  0%| F|  |TAMS 0x0000000084800000, 0x0000000084800000| Untracked 
|  73|0x0000000084900000, 0x0000000084900000, 0x0000000084a00000|  0%| F|  |TAMS 0x0000000084900000, 0x0000000084900000| Untracked 
|  74|0x0000000084a00000, 0x0000000084a00000, 0x0000000084b00000|  0%| F|  |TAMS 0x0000000084a00000, 0x0000000084a00000| Untracked 
|  75|0x0000000084b00000, 0x0000000084b00000, 0x0000000084c00000|  0%| F|  |TAMS 0x0000000084b00000, 0x0000000084b00000| Untracked 
|  76|0x0000000084c00000, 0x0000000084c00000, 0x0000000084d00000|  0%| F|  |TAMS 0x0000000084c00000, 0x0000000084c00000| Untracked 
|  77|0x0000000084d00000, 0x0000000084d00000, 0x0000000084e00000|  0%| F|  |TAMS 0x0000000084d00000, 0x0000000084d00000| Untracked 
|  78|0x0000000084e00000, 0x0000000084e00000, 0x0000000084f00000|  0%| F|  |TAMS 0x0000000084e00000, 0x0000000084e00000| Untracked 
|  79|0x0000000084f00000, 0x0000000084f00000, 0x0000000085000000|  0%| F|  |TAMS 0x0000000084f00000, 0x0000000084f00000| Untracked 
|  80|0x0000000085000000, 0x0000000085000000, 0x0000000085100000|  0%| F|  |TAMS 0x0000000085000000, 0x0000000085000000| Untracked 
|  81|0x0000000085100000, 0x0000000085100000, 0x0000000085200000|  0%| F|  |TAMS 0x0000000085100000, 0x0000000085100000| Untracked 
|  82|0x0000000085200000, 0x0000000085200000, 0x0000000085300000|  0%| F|  |TAMS 0x0000000085200000, 0x0000000085200000| Untracked 
|  83|0x0000000085300000, 0x0000000085300000, 0x0000000085400000|  0%| F|  |TAMS 0x0000000085300000, 0x0000000085300000| Untracked 
|  84|0x0000000085400000, 0x0000000085400000, 0x0000000085500000|  0%| F|  |TAMS 0x0000000085400000, 0x0000000085400000| Untracked 
|  85|0x0000000085500000, 0x0000000085500000, 0x0000000085600000|  0%| F|  |TAMS 0x0000000085500000, 0x0000000085500000| Untracked 
|  86|0x0000000085600000, 0x0000000085600000, 0x0000000085700000|  0%| F|  |TAMS 0x0000000085600000, 0x0000000085600000| Untracked 
|  87|0x0000000085700000, 0x0000000085700000, 0x0000000085800000|  0%| F|  |TAMS 0x0000000085700000, 0x0000000085700000| Untracked 
|  88|0x0000000085800000, 0x0000000085800000, 0x0000000085900000|  0%| F|  |TAMS 0x0000000085800000, 0x0000000085800000| Untracked 
|  89|0x0000000085900000, 0x0000000085900000, 0x0000000085a00000|  0%| F|  |TAMS 0x0000000085900000, 0x0000000085900000| Untracked 
|  90|0x0000000085a00000, 0x0000000085a00000, 0x0000000085b00000|  0%| F|  |TAMS 0x0000000085a00000, 0x0000000085a00000| Untracked 
|  91|0x0000000085b00000, 0x0000000085b00000, 0x0000000085c00000|  0%| F|  |TAMS 0x0000000085b00000, 0x0000000085b00000| Untracked 
|  92|0x0000000085c00000, 0x0000000085c00000, 0x0000000085d00000|  0%| F|  |TAMS 0x0000000085c00000, 0x0000000085c00000| Untracked 
|  93|0x0000000085d00000, 0x0000000085d00000, 0x0000000085e00000|  0%| F|  |TAMS 0x0000000085d00000, 0x0000000085d00000| Untracked 
|  94|0x0000000085e00000, 0x0000000085e00000, 0x0000000085f00000|  0%| F|  |TAMS 0x0000000085e00000, 0x0000000085e00000| Untracked 
|  95|0x0000000085f00000, 0x0000000085f00000, 0x0000000086000000|  0%| F|  |TAMS 0x0000000085f00000, 0x0000000085f00000| Untracked 
|  96|0x0000000086000000, 0x0000000086000000, 0x0000000086100000|  0%| F|  |TAMS 0x0000000086000000, 0x0000000086000000| Untracked 
|  97|0x0000000086100000, 0x0000000086100000, 0x0000000086200000|  0%| F|  |TAMS 0x0000000086100000, 0x0000000086100000| Untracked 
|  98|0x0000000086200000, 0x0000000086200000, 0x0000000086300000|  0%| F|  |TAMS 0x0000000086200000, 0x0000000086200000| Untracked 
|  99|0x0000000086300000, 0x0000000086300000, 0x0000000086400000|  0%| F|  |TAMS 0x0000000086300000, 0x0000000086300000| Untracked 
| 100|0x0000000086400000, 0x0000000086400000, 0x0000000086500000|  0%| F|  |TAMS 0x0000000086400000, 0x0000000086400000| Untracked 
| 101|0x0000000086500000, 0x0000000086500000, 0x0000000086600000|  0%| F|  |TAMS 0x0000000086500000, 0x0000000086500000| Untracked 
| 102|0x0000000086600000, 0x0000000086600000, 0x0000000086700000|  0%| F|  |TAMS 0x0000000086600000, 0x0000000086600000| Untracked 
| 103|0x0000000086700000, 0x0000000086700000, 0x0000000086800000|  0%| F|  |TAMS 0x0000000086700000, 0x0000000086700000| Untracked 
| 104|0x0000000086800000, 0x0000000086800000, 0x0000000086900000|  0%| F|  |TAMS 0x0000000086800000, 0x0000000086800000| Untracked 
| 105|0x0000000086900000, 0x0000000086900000, 0x0000000086a00000|  0%| F|  |TAMS 0x0000000086900000, 0x0000000086900000| Untracked 
| 106|0x0000000086a00000, 0x0000000086a00000, 0x0000000086b00000|  0%| F|  |TAMS 0x0000000086a00000, 0x0000000086a00000| Untracked 
| 107|0x0000000086b00000, 0x0000000086b00000, 0x0000000086c00000|  0%| F|  |TAMS 0x0000000086b00000, 0x0000000086b00000| Untracked 
| 108|0x0000000086c00000, 0x0000000086c00000, 0x0000000086d00000|  0%| F|  |TAMS 0x0000000086c00000, 0x0000000086c00000| Untracked 
| 109|0x0000000086d00000, 0x0000000086d00000, 0x0000000086e00000|  0%| F|  |TAMS 0x0000000086d00000, 0x0000000086d00000| Untracked 
| 110|0x0000000086e00000, 0x0000000086e00000, 0x0000000086f00000|  0%| F|  |TAMS 0x0000000086e00000, 0x0000000086e00000| Untracked 
| 111|0x0000000086f00000, 0x0000000086f00000, 0x0000000087000000|  0%| F|  |TAMS 0x0000000086f00000, 0x0000000086f00000| Untracked 
| 112|0x0000000087000000, 0x0000000087000000, 0x0000000087100000|  0%| F|  |TAMS 0x0000000087000000, 0x0000000087000000| Untracked 
| 113|0x0000000087100000, 0x0000000087100000, 0x0000000087200000|  0%| F|  |TAMS 0x0000000087100000, 0x0000000087100000| Untracked 
| 114|0x0000000087200000, 0x0000000087200000, 0x0000000087300000|  0%| F|  |TAMS 0x0000000087200000, 0x0000000087200000| Untracked 
| 115|0x0000000087300000, 0x0000000087300000, 0x0000000087400000|  0%| F|  |TAMS 0x0000000087300000, 0x0000000087300000| Untracked 
| 116|0x0000000087400000, 0x0000000087400000, 0x0000000087500000|  0%| F|  |TAMS 0x0000000087400000, 0x0000000087400000| Untracked 
| 117|0x0000000087500000, 0x0000000087500000, 0x0000000087600000|  0%| F|  |TAMS 0x0000000087500000, 0x0000000087500000| Untracked 
| 118|0x0000000087600000, 0x0000000087600000, 0x0000000087700000|  0%| F|  |TAMS 0x0000000087600000, 0x0000000087600000| Untracked 
| 119|0x0000000087700000, 0x0000000087700000, 0x0000000087800000|  0%| F|  |TAMS 0x0000000087700000, 0x0000000087700000| Untracked 
| 120|0x0000000087800000, 0x0000000087800000, 0x0000000087900000|  0%| F|  |TAMS 0x0000000087800000, 0x0000000087800000| Untracked 
| 121|0x0000000087900000, 0x0000000087900000, 0x0000000087a00000|  0%| F|  |TAMS 0x0000000087900000, 0x0000000087900000| Untracked 
| 122|0x0000000087a00000, 0x0000000087a00000, 0x0000000087b00000|  0%| F|  |TAMS 0x0000000087a00000, 0x0000000087a00000| Untracked 
| 123|0x0000000087b00000, 0x0000000087b00000, 0x0000000087c00000|  0%| F|  |TAMS 0x0000000087b00000, 0x0000000087b00000| Untracked 
| 124|0x0000000087c00000, 0x0000000087c00000, 0x0000000087d00000|  0%| F|  |TAMS 0x0000000087c00000, 0x0000000087c00000| Untracked 
| 125|0x0000000087d00000, 0x0000000087d00000, 0x0000000087e00000|  0%| F|  |TAMS 0x0000000087d00000, 0x0000000087d00000| Untracked 
| 126|0x0000000087e00000, 0x0000000087e00000, 0x0000000087f00000|  0%| F|  |TAMS 0x0000000087e00000, 0x0000000087e00000| Untracked 
| 127|0x0000000087f00000, 0x0000000087f00000, 0x0000000088000000|  0%| F|  |TAMS 0x0000000087f00000, 0x0000000087f00000| Untracked 
| 128|0x0000000088000000, 0x0000000088000000, 0x0000000088100000|  0%| F|  |TAMS 0x0000000088000000, 0x0000000088000000| Untracked 
| 129|0x0000000088100000, 0x0000000088100000, 0x0000000088200000|  0%| F|  |TAMS 0x0000000088100000, 0x0000000088100000| Untracked 
| 130|0x0000000088200000, 0x0000000088200000, 0x0000000088300000|  0%| F|  |TAMS 0x0000000088200000, 0x0000000088200000| Untracked 
| 131|0x0000000088300000, 0x0000000088300000, 0x0000000088400000|  0%| F|  |TAMS 0x0000000088300000, 0x0000000088300000| Untracked 
| 132|0x0000000088400000, 0x0000000088400000, 0x0000000088500000|  0%| F|  |TAMS 0x0000000088400000, 0x0000000088400000| Untracked 
| 133|0x0000000088500000, 0x0000000088500000, 0x0000000088600000|  0%| F|  |TAMS 0x0000000088500000, 0x0000000088500000| Untracked 
| 134|0x0000000088600000, 0x0000000088600000, 0x0000000088700000|  0%| F|  |TAMS 0x0000000088600000, 0x0000000088600000| Untracked 
| 135|0x0000000088700000, 0x0000000088700000, 0x0000000088800000|  0%| F|  |TAMS 0x0000000088700000, 0x0000000088700000| Untracked 
| 136|0x0000000088800000, 0x0000000088800000, 0x0000000088900000|  0%| F|  |TAMS 0x0000000088800000, 0x0000000088800000| Untracked 
| 137|0x0000000088900000, 0x0000000088900000, 0x0000000088a00000|  0%| F|  |TAMS 0x0000000088900000, 0x0000000088900000| Untracked 
| 138|0x0000000088a00000, 0x0000000088a00000, 0x0000000088b00000|  0%| F|  |TAMS 0x0000000088a00000, 0x0000000088a00000| Untracked 
| 139|0x0000000088b00000, 0x0000000088b00000, 0x0000000088c00000|  0%| F|  |TAMS 0x0000000088b00000, 0x0000000088b00000| Untracked 
| 140|0x0000000088c00000, 0x0000000088c00000, 0x0000000088d00000|  0%| F|  |TAMS 0x0000000088c00000, 0x0000000088c00000| Untracked 
| 141|0x0000000088d00000, 0x0000000088d00000, 0x0000000088e00000|  0%| F|  |TAMS 0x0000000088d00000, 0x0000000088d00000| Untracked 
| 142|0x0000000088e00000, 0x0000000088e00000, 0x0000000088f00000|  0%| F|  |TAMS 0x0000000088e00000, 0x0000000088e00000| Untracked 
| 143|0x0000000088f00000, 0x0000000088f00000, 0x0000000089000000|  0%| F|  |TAMS 0x0000000088f00000, 0x0000000088f00000| Untracked 
| 144|0x0000000089000000, 0x0000000089000000, 0x0000000089100000|  0%| F|  |TAMS 0x0000000089000000, 0x0000000089000000| Untracked 
| 145|0x0000000089100000, 0x0000000089100000, 0x0000000089200000|  0%| F|  |TAMS 0x0000000089100000, 0x0000000089100000| Untracked 
| 146|0x0000000089200000, 0x0000000089200000, 0x0000000089300000|  0%| F|  |TAMS 0x0000000089200000, 0x0000000089200000| Untracked 
| 147|0x0000000089300000, 0x0000000089300000, 0x0000000089400000|  0%| F|  |TAMS 0x0000000089300000, 0x0000000089300000| Untracked 
| 148|0x0000000089400000, 0x0000000089400000, 0x0000000089500000|  0%| F|  |TAMS 0x0000000089400000, 0x0000000089400000| Untracked 
| 149|0x0000000089500000, 0x0000000089500000, 0x0000000089600000|  0%| F|  |TAMS 0x0000000089500000, 0x0000000089500000| Untracked 
| 150|0x0000000089600000, 0x0000000089600000, 0x0000000089700000|  0%| F|  |TAMS 0x0000000089600000, 0x0000000089600000| Untracked 
| 151|0x0000000089700000, 0x0000000089700000, 0x0000000089800000|  0%| F|  |TAMS 0x0000000089700000, 0x0000000089700000| Untracked 
| 152|0x0000000089800000, 0x0000000089800000, 0x0000000089900000|  0%| F|  |TAMS 0x0000000089800000, 0x0000000089800000| Untracked 
| 153|0x0000000089900000, 0x0000000089900000, 0x0000000089a00000|  0%| F|  |TAMS 0x0000000089900000, 0x0000000089900000| Untracked 
| 154|0x0000000089a00000, 0x0000000089a00000, 0x0000000089b00000|  0%| F|  |TAMS 0x0000000089a00000, 0x0000000089a00000| Untracked 
| 155|0x0000000089b00000, 0x0000000089b7ff40, 0x0000000089c00000| 49%| S|CS|TAMS 0x0000000089b00000, 0x0000000089b00000| Complete 
| 156|0x0000000089c00000, 0x0000000089d00000, 0x0000000089d00000|100%| S|CS|TAMS 0x0000000089c00000, 0x0000000089c00000| Complete 
| 157|0x0000000089d00000, 0x0000000089e00000, 0x0000000089e00000|100%| S|CS|TAMS 0x0000000089d00000, 0x0000000089d00000| Complete 
| 158|0x0000000089e00000, 0x0000000089f00000, 0x0000000089f00000|100%| S|CS|TAMS 0x0000000089e00000, 0x0000000089e00000| Complete 
| 159|0x0000000089f00000, 0x000000008a000000, 0x000000008a000000|100%| S|CS|TAMS 0x0000000089f00000, 0x0000000089f00000| Complete 
| 160|0x000000008a000000, 0x000000008a100000, 0x000000008a100000|100%| S|CS|TAMS 0x000000008a000000, 0x000000008a000000| Complete 
| 161|0x000000008a100000, 0x000000008a200000, 0x000000008a200000|100%| S|CS|TAMS 0x000000008a100000, 0x000000008a100000| Complete 
| 162|0x000000008a200000, 0x000000008a300000, 0x000000008a300000|100%| S|CS|TAMS 0x000000008a200000, 0x000000008a200000| Complete 
| 163|0x000000008a300000, 0x000000008a400000, 0x000000008a400000|100%| S|CS|TAMS 0x000000008a300000, 0x000000008a300000| Complete 
| 164|0x000000008a400000, 0x000000008a500000, 0x000000008a500000|100%| S|CS|TAMS 0x000000008a400000, 0x000000008a400000| Complete 
| 165|0x000000008a500000, 0x000000008a600000, 0x000000008a600000|100%| S|CS|TAMS 0x000000008a500000, 0x000000008a500000| Complete 
| 166|0x000000008a600000, 0x000000008a600000, 0x000000008a700000|  0%| F|  |TAMS 0x000000008a600000, 0x000000008a600000| Untracked 
| 167|0x000000008a700000, 0x000000008a700000, 0x000000008a800000|  0%| F|  |TAMS 0x000000008a700000, 0x000000008a700000| Untracked 
| 168|0x000000008a800000, 0x000000008a800000, 0x000000008a900000|  0%| F|  |TAMS 0x000000008a800000, 0x000000008a800000| Untracked 
| 169|0x000000008a900000, 0x000000008a900000, 0x000000008aa00000|  0%| F|  |TAMS 0x000000008a900000, 0x000000008a900000| Untracked 
| 170|0x000000008aa00000, 0x000000008aa00000, 0x000000008ab00000|  0%| F|  |TAMS 0x000000008aa00000, 0x000000008aa00000| Untracked 
| 171|0x000000008ab00000, 0x000000008ab00000, 0x000000008ac00000|  0%| F|  |TAMS 0x000000008ab00000, 0x000000008ab00000| Untracked 
| 172|0x000000008ac00000, 0x000000008ac00000, 0x000000008ad00000|  0%| F|  |TAMS 0x000000008ac00000, 0x000000008ac00000| Untracked 
| 173|0x000000008ad00000, 0x000000008ad00000, 0x000000008ae00000|  0%| F|  |TAMS 0x000000008ad00000, 0x000000008ad00000| Untracked 
| 174|0x000000008ae00000, 0x000000008ae00000, 0x000000008af00000|  0%| F|  |TAMS 0x000000008ae00000, 0x000000008ae00000| Untracked 
| 175|0x000000008af00000, 0x000000008af00000, 0x000000008b000000|  0%| F|  |TAMS 0x000000008af00000, 0x000000008af00000| Untracked 
| 176|0x000000008b000000, 0x000000008b000000, 0x000000008b100000|  0%| F|  |TAMS 0x000000008b000000, 0x000000008b000000| Untracked 
| 177|0x000000008b100000, 0x000000008b100000, 0x000000008b200000|  0%| F|  |TAMS 0x000000008b100000, 0x000000008b100000| Untracked 
| 178|0x000000008b200000, 0x000000008b200000, 0x000000008b300000|  0%| F|  |TAMS 0x000000008b200000, 0x000000008b200000| Untracked 
| 179|0x000000008b300000, 0x000000008b300000, 0x000000008b400000|  0%| F|  |TAMS 0x000000008b300000, 0x000000008b300000| Untracked 
| 180|0x000000008b400000, 0x000000008b400000, 0x000000008b500000|  0%| F|  |TAMS 0x000000008b400000, 0x000000008b400000| Untracked 
| 181|0x000000008b500000, 0x000000008b500000, 0x000000008b600000|  0%| F|  |TAMS 0x000000008b500000, 0x000000008b500000| Untracked 
| 182|0x000000008b600000, 0x000000008b600000, 0x000000008b700000|  0%| F|  |TAMS 0x000000008b600000, 0x000000008b600000| Untracked 
| 183|0x000000008b700000, 0x000000008b700000, 0x000000008b800000|  0%| F|  |TAMS 0x000000008b700000, 0x000000008b700000| Untracked 
| 184|0x000000008b800000, 0x000000008b800000, 0x000000008b900000|  0%| F|  |TAMS 0x000000008b800000, 0x000000008b800000| Untracked 
| 185|0x000000008b900000, 0x000000008b900000, 0x000000008ba00000|  0%| F|  |TAMS 0x000000008b900000, 0x000000008b900000| Untracked 
| 186|0x000000008ba00000, 0x000000008ba00000, 0x000000008bb00000|  0%| F|  |TAMS 0x000000008ba00000, 0x000000008ba00000| Untracked 
| 187|0x000000008bb00000, 0x000000008bb00000, 0x000000008bc00000|  0%| F|  |TAMS 0x000000008bb00000, 0x000000008bb00000| Untracked 
| 188|0x000000008bc00000, 0x000000008bc00000, 0x000000008bd00000|  0%| F|  |TAMS 0x000000008bc00000, 0x000000008bc00000| Untracked 
| 189|0x000000008bd00000, 0x000000008bd00000, 0x000000008be00000|  0%| F|  |TAMS 0x000000008bd00000, 0x000000008bd00000| Untracked 
| 190|0x000000008be00000, 0x000000008be00000, 0x000000008bf00000|  0%| F|  |TAMS 0x000000008be00000, 0x000000008be00000| Untracked 
| 191|0x000000008bf00000, 0x000000008bf00000, 0x000000008c000000|  0%| F|  |TAMS 0x000000008bf00000, 0x000000008bf00000| Untracked 
| 192|0x000000008c000000, 0x000000008c000000, 0x000000008c100000|  0%| F|  |TAMS 0x000000008c000000, 0x000000008c000000| Untracked 
| 193|0x000000008c100000, 0x000000008c100000, 0x000000008c200000|  0%| F|  |TAMS 0x000000008c100000, 0x000000008c100000| Untracked 
| 194|0x000000008c200000, 0x000000008c200000, 0x000000008c300000|  0%| F|  |TAMS 0x000000008c200000, 0x000000008c200000| Untracked 
| 195|0x000000008c300000, 0x000000008c300000, 0x000000008c400000|  0%| F|  |TAMS 0x000000008c300000, 0x000000008c300000| Untracked 
| 196|0x000000008c400000, 0x000000008c400000, 0x000000008c500000|  0%| F|  |TAMS 0x000000008c400000, 0x000000008c400000| Untracked 
| 197|0x000000008c500000, 0x000000008c500000, 0x000000008c600000|  0%| F|  |TAMS 0x000000008c500000, 0x000000008c500000| Untracked 
| 198|0x000000008c600000, 0x000000008c600000, 0x000000008c700000|  0%| F|  |TAMS 0x000000008c600000, 0x000000008c600000| Untracked 
| 199|0x000000008c700000, 0x000000008c700000, 0x000000008c800000|  0%| F|  |TAMS 0x000000008c700000, 0x000000008c700000| Untracked 
| 200|0x000000008c800000, 0x000000008c800000, 0x000000008c900000|  0%| F|  |TAMS 0x000000008c800000, 0x000000008c800000| Untracked 
| 201|0x000000008c900000, 0x000000008c900000, 0x000000008ca00000|  0%| F|  |TAMS 0x000000008c900000, 0x000000008c900000| Untracked 
| 202|0x000000008ca00000, 0x000000008ca00000, 0x000000008cb00000|  0%| F|  |TAMS 0x000000008ca00000, 0x000000008ca00000| Untracked 
| 203|0x000000008cb00000, 0x000000008cb00000, 0x000000008cc00000|  0%| F|  |TAMS 0x000000008cb00000, 0x000000008cb00000| Untracked 
| 204|0x000000008cc00000, 0x000000008cc00000, 0x000000008cd00000|  0%| F|  |TAMS 0x000000008cc00000, 0x000000008cc00000| Untracked 
| 205|0x000000008cd00000, 0x000000008cd00000, 0x000000008ce00000|  0%| F|  |TAMS 0x000000008cd00000, 0x000000008cd00000| Untracked 
| 206|0x000000008ce00000, 0x000000008ce00000, 0x000000008cf00000|  0%| F|  |TAMS 0x000000008ce00000, 0x000000008ce00000| Untracked 
| 207|0x000000008cf00000, 0x000000008cf00000, 0x000000008d000000|  0%| F|  |TAMS 0x000000008cf00000, 0x000000008cf00000| Untracked 
| 208|0x000000008d000000, 0x000000008d000000, 0x000000008d100000|  0%| F|  |TAMS 0x000000008d000000, 0x000000008d000000| Untracked 
| 209|0x000000008d100000, 0x000000008d100000, 0x000000008d200000|  0%| F|  |TAMS 0x000000008d100000, 0x000000008d100000| Untracked 
| 210|0x000000008d200000, 0x000000008d200000, 0x000000008d300000|  0%| F|  |TAMS 0x000000008d200000, 0x000000008d200000| Untracked 
| 211|0x000000008d300000, 0x000000008d300000, 0x000000008d400000|  0%| F|  |TAMS 0x000000008d300000, 0x000000008d300000| Untracked 
| 212|0x000000008d400000, 0x000000008d400000, 0x000000008d500000|  0%| F|  |TAMS 0x000000008d400000, 0x000000008d400000| Untracked 
| 213|0x000000008d500000, 0x000000008d500000, 0x000000008d600000|  0%| F|  |TAMS 0x000000008d500000, 0x000000008d500000| Untracked 
| 214|0x000000008d600000, 0x000000008d600000, 0x000000008d700000|  0%| F|  |TAMS 0x000000008d600000, 0x000000008d600000| Untracked 
| 215|0x000000008d700000, 0x000000008d700000, 0x000000008d800000|  0%| F|  |TAMS 0x000000008d700000, 0x000000008d700000| Untracked 
| 216|0x000000008d800000, 0x000000008d800000, 0x000000008d900000|  0%| F|  |TAMS 0x000000008d800000, 0x000000008d800000| Untracked 
| 217|0x000000008d900000, 0x000000008d96c7b8, 0x000000008da00000| 42%| E|  |TAMS 0x000000008d900000, 0x000000008d900000| Complete 
| 218|0x000000008da00000, 0x000000008db00000, 0x000000008db00000|100%| E|CS|TAMS 0x000000008da00000, 0x000000008da00000| Complete 
| 219|0x000000008db00000, 0x000000008dc00000, 0x000000008dc00000|100%| E|CS|TAMS 0x000000008db00000, 0x000000008db00000| Complete 
| 220|0x000000008dc00000, 0x000000008dd00000, 0x000000008dd00000|100%| E|CS|TAMS 0x000000008dc00000, 0x000000008dc00000| Complete 
| 221|0x000000008dd00000, 0x000000008de00000, 0x000000008de00000|100%| E|CS|TAMS 0x000000008dd00000, 0x000000008dd00000| Complete 
| 222|0x000000008de00000, 0x000000008df00000, 0x000000008df00000|100%| E|CS|TAMS 0x000000008de00000, 0x000000008de00000| Complete 
| 223|0x000000008df00000, 0x000000008e000000, 0x000000008e000000|100%| E|CS|TAMS 0x000000008df00000, 0x000000008df00000| Complete 
| 224|0x000000008e000000, 0x000000008e100000, 0x000000008e100000|100%| E|CS|TAMS 0x000000008e000000, 0x000000008e000000| Complete 
| 225|0x000000008e100000, 0x000000008e200000, 0x000000008e200000|100%| E|CS|TAMS 0x000000008e100000, 0x000000008e100000| Complete 
| 226|0x000000008e200000, 0x000000008e300000, 0x000000008e300000|100%| E|CS|TAMS 0x000000008e200000, 0x000000008e200000| Complete 
| 227|0x000000008e300000, 0x000000008e400000, 0x000000008e400000|100%| E|CS|TAMS 0x000000008e300000, 0x000000008e300000| Complete 
| 228|0x000000008e400000, 0x000000008e500000, 0x000000008e500000|100%| E|CS|TAMS 0x000000008e400000, 0x000000008e400000| Complete 
| 229|0x000000008e500000, 0x000000008e600000, 0x000000008e600000|100%| E|CS|TAMS 0x000000008e500000, 0x000000008e500000| Complete 
| 230|0x000000008e600000, 0x000000008e700000, 0x000000008e700000|100%| E|CS|TAMS 0x000000008e600000, 0x000000008e600000| Complete 
| 231|0x000000008e700000, 0x000000008e800000, 0x000000008e800000|100%| E|CS|TAMS 0x000000008e700000, 0x000000008e700000| Complete 
| 232|0x000000008e800000, 0x000000008e900000, 0x000000008e900000|100%| E|CS|TAMS 0x000000008e800000, 0x000000008e800000| Complete 
| 233|0x000000008e900000, 0x000000008ea00000, 0x000000008ea00000|100%| E|CS|TAMS 0x000000008e900000, 0x000000008e900000| Complete 
| 234|0x000000008ea00000, 0x000000008eb00000, 0x000000008eb00000|100%| E|CS|TAMS 0x000000008ea00000, 0x000000008ea00000| Complete 
| 235|0x000000008eb00000, 0x000000008ec00000, 0x000000008ec00000|100%| E|CS|TAMS 0x000000008eb00000, 0x000000008eb00000| Complete 
| 236|0x000000008ec00000, 0x000000008ed00000, 0x000000008ed00000|100%| E|CS|TAMS 0x000000008ec00000, 0x000000008ec00000| Complete 
| 237|0x000000008ed00000, 0x000000008ee00000, 0x000000008ee00000|100%| E|CS|TAMS 0x000000008ed00000, 0x000000008ed00000| Complete 
| 238|0x000000008ee00000, 0x000000008ef00000, 0x000000008ef00000|100%| E|CS|TAMS 0x000000008ee00000, 0x000000008ee00000| Complete 
| 239|0x000000008ef00000, 0x000000008f000000, 0x000000008f000000|100%| E|CS|TAMS 0x000000008ef00000, 0x000000008ef00000| Complete 
| 240|0x000000008f000000, 0x000000008f100000, 0x000000008f100000|100%| E|CS|TAMS 0x000000008f000000, 0x000000008f000000| Complete 
| 241|0x000000008f100000, 0x000000008f200000, 0x000000008f200000|100%| E|CS|TAMS 0x000000008f100000, 0x000000008f100000| Complete 
| 242|0x000000008f200000, 0x000000008f300000, 0x000000008f300000|100%| E|CS|TAMS 0x000000008f200000, 0x000000008f200000| Complete 
| 243|0x000000008f300000, 0x000000008f400000, 0x000000008f400000|100%| E|CS|TAMS 0x000000008f300000, 0x000000008f300000| Complete 
| 244|0x000000008f400000, 0x000000008f500000, 0x000000008f500000|100%| E|CS|TAMS 0x000000008f400000, 0x000000008f400000| Complete 
| 245|0x000000008f500000, 0x000000008f600000, 0x000000008f600000|100%| E|CS|TAMS 0x000000008f500000, 0x000000008f500000| Complete 
| 246|0x000000008f600000, 0x000000008f700000, 0x000000008f700000|100%| E|CS|TAMS 0x000000008f600000, 0x000000008f600000| Complete 
| 247|0x000000008f700000, 0x000000008f800000, 0x000000008f800000|100%| E|CS|TAMS 0x000000008f700000, 0x000000008f700000| Complete 
| 248|0x000000008f800000, 0x000000008f900000, 0x000000008f900000|100%| E|CS|TAMS 0x000000008f800000, 0x000000008f800000| Complete 
| 249|0x000000008f900000, 0x000000008fa00000, 0x000000008fa00000|100%| E|CS|TAMS 0x000000008f900000, 0x000000008f900000| Complete 
| 250|0x000000008fa00000, 0x000000008fb00000, 0x000000008fb00000|100%| E|CS|TAMS 0x000000008fa00000, 0x000000008fa00000| Complete 
| 251|0x000000008fb00000, 0x000000008fc00000, 0x000000008fc00000|100%| E|CS|TAMS 0x000000008fb00000, 0x000000008fb00000| Complete 
| 252|0x000000008fc00000, 0x000000008fd00000, 0x000000008fd00000|100%| E|CS|TAMS 0x000000008fc00000, 0x000000008fc00000| Complete 
| 253|0x000000008fd00000, 0x000000008fe00000, 0x000000008fe00000|100%| E|CS|TAMS 0x000000008fd00000, 0x000000008fd00000| Complete 

Card table byte_map: [0x00000294a9ab0000,0x00000294a9eb0000] _byte_map_base: 0x00000294a96b0000

Marking Bits (Prev, Next): (CMBitMap*) 0x0000029496a309b0, (CMBitMap*) 0x0000029496a30978
 Prev Bits: [0x00000294ac2b0000, 0x00000294ae2b0000)
 Next Bits: [0x00000294aa2b0000, 0x00000294ac2b0000)

Polling page: 0x00000294961d0000

Metaspace:

Usage:
  Non-class:     21.42 MB capacity,    21.09 MB ( 98%) used,   287.98 KB (  1%) free+waste,    44.69 KB ( <1%) overhead. 
      Class:      3.35 MB capacity,     3.12 MB ( 93%) used,   209.86 KB (  6%) free+waste,    22.25 KB ( <1%) overhead. 
       Both:     24.76 MB capacity,    24.21 MB ( 98%) used,   497.84 KB (  2%) free+waste,    66.94 KB ( <1%) overhead. 

Virtual space:
  Non-class space:       22.00 MB reserved,      21.50 MB ( 98%) committed 
      Class space:        1.00 GB reserved,       3.38 MB ( <1%) committed 
             Both:        1.02 GB reserved,      24.88 MB (  2%) committed 

Chunk freelists:
   Non-Class:  21.00 KB
       Class:  29.00 KB
        Both:  50.00 KB

MaxMetaspaceSize: 17179869184.00 GB
CompressedClassSpaceSize: 1.00 GB

CodeHeap 'non-profiled nmethods': size=120000Kb used=938Kb max_used=938Kb free=119061Kb
 bounds [0x00000294a1e40000, 0x00000294a20b0000, 0x00000294a9370000]
CodeHeap 'profiled nmethods': size=120000Kb used=3918Kb max_used=3918Kb free=116081Kb
 bounds [0x000002949a910000, 0x000002949acf0000, 0x00000294a1e40000]
CodeHeap 'non-nmethods': size=5760Kb used=1140Kb max_used=1177Kb free=4619Kb
 bounds [0x000002949a370000, 0x000002949a5e0000, 0x000002949a910000]
 total_blobs=2378 nmethods=1902 adapters=387
 compilation: enabled
              stopped_count=0, restarted_count=0
 full_count=0

Compilation events (20 events):
Event: 2.739 Thread 0x00000294b3157800 nmethod 2109 0x00000294a1f29c90 code [0x00000294a1f29e20, 0x00000294a1f2a058]
Event: 2.743 Thread 0x00000294b15cb800 2113       3       java.util.concurrent.ConcurrentHashMap::tableSizeFor (32 bytes)
Event: 2.743 Thread 0x00000294b15cb800 nmethod 2113 0x000002949ace4910 code [0x000002949ace4ae0, 0x000002949ace4cc8]
Event: 2.746 Thread 0x00000294b15cb800 2114       3       org.gradle.internal.service.DefaultServiceRegistry$ParentServices::getService (11 bytes)
Event: 2.746 Thread 0x00000294b15cb800 nmethod 2114 0x000002949ace4d90 code [0x000002949ace4f40, 0x000002949ace5108]
Event: 2.747 Thread 0x00000294b15cb800 2115       3       java.nio.ByteBuffer::rewind (7 bytes)
Event: 2.748 Thread 0x00000294b15cb800 nmethod 2115 0x000002949ace5210 code [0x000002949ace53c0, 0x000002949ace5538]
Event: 2.748 Thread 0x00000294b15cb800 2116       3       java.nio.Buffer::rewind (12 bytes)
Event: 2.748 Thread 0x00000294b15cb800 nmethod 2116 0x000002949ace5610 code [0x000002949ace57c0, 0x000002949ace58d8]
Event: 2.748 Thread 0x00000294b15cb800 2117       3       java.nio.MappedByteBuffer::rewind (5 bytes)
Event: 2.748 Thread 0x00000294b15cb800 nmethod 2117 0x000002949ace5990 code [0x000002949ace5b60, 0x000002949ace5d98]
Event: 2.748 Thread 0x00000294b15cb800 2118       3       java.nio.MappedByteBuffer::rewind (7 bytes)
Event: 2.748 Thread 0x00000294b15cb800 nmethod 2118 0x000002949ace5e90 code [0x000002949ace6040, 0x000002949ace6218]
Event: 2.748 Thread 0x00000294b15cb800 2119       3       jdk.internal.jimage.ImageStringsReader::get (9 bytes)
Event: 2.748 Thread 0x00000294b15cb800 nmethod 2119 0x000002949ace6310 code [0x000002949ace64c0, 0x000002949ace6668]
Event: 2.749 Thread 0x00000294b15cb800 2120       3       java.util.concurrent.ConcurrentHashMap::<init> (73 bytes)
Event: 2.749 Thread 0x00000294b15cb800 nmethod 2120 0x000002949ace6710 code [0x000002949ace6940, 0x000002949ace6eb8]
Event: 2.753 Thread 0x00000294b3157800 2121       4       java.lang.ThreadLocal::get (38 bytes)
Event: 2.755 Thread 0x00000294b3157800 nmethod 2121 0x00000294a1f2a110 code [0x00000294a1f2a2c0, 0x00000294a1f2a458]
Event: 2.768 Thread 0x00000294b15cb800 2122       3       jdk.internal.reflect.NativeMethodAccessorImpl::invoke (104 bytes)

GC Heap History (4 events):
Event: 0.763 GC heap before
{Heap before GC invocations=0 (full 0):
 garbage-first heap   total 260096K, used 29696K [0x0000000080000000, 0x0000000100000000)
  region size 1024K, 24 young (24576K), 0 survivors (0K)
 Metaspace       used 10655K, capacity 10890K, committed 11008K, reserved 1058816K
  class space    used 1130K, capacity 1202K, committed 1280K, reserved 1048576K
}
Event: 0.767 GC heap after
{Heap after GC invocations=1 (full 0):
 garbage-first heap   total 260096K, used 8574K [0x0000000080000000, 0x0000000100000000)
  region size 1024K, 3 young (3072K), 3 survivors (3072K)
 Metaspace       used 10655K, capacity 10890K, committed 11008K, reserved 1058816K
  class space    used 1130K, capacity 1202K, committed 1280K, reserved 1048576K
}
Event: 2.370 GC heap before
{Heap before GC invocations=1 (full 0):
 garbage-first heap   total 260096K, used 93566K [0x0000000080000000, 0x0000000100000000)
  region size 1024K, 88 young (90112K), 3 survivors (3072K)
 Metaspace       used 20627K, capacity 21115K, committed 21248K, reserved 1067008K
  class space    used 2537K, capacity 2712K, committed 2816K, reserved 1048576K
}
Event: 2.381 GC heap after
{Heap after GC invocations=2 (full 0):
 garbage-first heap   total 260096K, used 16254K [0x0000000080000000, 0x0000000100000000)
  region size 1024K, 11 young (11264K), 11 survivors (11264K)
 Metaspace       used 20627K, capacity 21115K, committed 21248K, reserved 1067008K
  class space    used 2537K, capacity 2712K, committed 2816K, reserved 1048576K
}

Deoptimization events (20 events):
Event: 2.521 Thread 0x00000294b2c0d800 Uncommon trap: trap_request=0xffffffc6 fr.pc=0x00000294a1ea129c relative=0x0000000000000e5c
Event: 2.521 Thread 0x00000294b2c0d800 Uncommon trap: reason=bimorphic_or_optimized_type_check action=maybe_recompile pc=0x00000294a1ea129c method=java.util.HashMap.putVal(ILjava/lang/Object;Ljava/lang/Object;ZZ)Ljava/lang/Object; @ 203 c2
Event: 2.521 Thread 0x00000294b2c0d800 DEOPT PACKING pc=0x00000294a1ea129c sp=0x000000cc757f9e80
Event: 2.521 Thread 0x00000294b2c0d800 DEOPT UNPACKING pc=0x000002949a3974af sp=0x000000cc757f9e50 mode 2
Event: 2.521 Thread 0x00000294b2c0d800 Uncommon trap: trap_request=0xffffff4d fr.pc=0x00000294a1e73fa8 relative=0x00000000000001e8
Event: 2.521 Thread 0x00000294b2c0d800 Uncommon trap: reason=unstable_if action=reinterpret pc=0x00000294a1e73fa8 method=java.util.HashMap.getNode(ILjava/lang/Object;)Ljava/util/HashMap$Node; @ 129 c2
Event: 2.521 Thread 0x00000294b2c0d800 DEOPT PACKING pc=0x00000294a1e73fa8 sp=0x000000cc757f9eb0
Event: 2.521 Thread 0x00000294b2c0d800 DEOPT UNPACKING pc=0x000002949a3974af sp=0x000000cc757f9e38 mode 2
Event: 2.521 Thread 0x00000294b2c0d800 Uncommon trap: trap_request=0xffffffc6 fr.pc=0x00000294a1ea129c relative=0x0000000000000e5c
Event: 2.521 Thread 0x00000294b2c0d800 Uncommon trap: reason=bimorphic_or_optimized_type_check action=maybe_recompile pc=0x00000294a1ea129c method=java.util.HashMap.putVal(ILjava/lang/Object;Ljava/lang/Object;ZZ)Ljava/lang/Object; @ 203 c2
Event: 2.521 Thread 0x00000294b2c0d800 DEOPT PACKING pc=0x00000294a1ea129c sp=0x000000cc757f9e60
Event: 2.521 Thread 0x00000294b2c0d800 DEOPT UNPACKING pc=0x000002949a3974af sp=0x000000cc757f9e30 mode 2
Event: 2.632 Thread 0x00000294b2c0d800 Uncommon trap: trap_request=0xffffff4d fr.pc=0x00000294a1e89500 relative=0x0000000000000240
Event: 2.632 Thread 0x00000294b2c0d800 Uncommon trap: reason=unstable_if action=reinterpret pc=0x00000294a1e89500 method=java.util.concurrent.ConcurrentHashMap.get(Ljava/lang/Object;)Ljava/lang/Object; @ 76 c2
Event: 2.632 Thread 0x00000294b2c0d800 DEOPT PACKING pc=0x00000294a1e89500 sp=0x000000cc757f8ae0
Event: 2.632 Thread 0x00000294b2c0d800 DEOPT UNPACKING pc=0x000002949a3974af sp=0x000000cc757f8a48 mode 2
Event: 2.694 Thread 0x00000294b2c0d800 Uncommon trap: trap_request=0xffffff4d fr.pc=0x00000294a1f03aa8 relative=0x0000000000000168
Event: 2.694 Thread 0x00000294b2c0d800 Uncommon trap: reason=unstable_if action=reinterpret pc=0x00000294a1f03aa8 method=java.util.HashMap.getNode(ILjava/lang/Object;)Ljava/util/HashMap$Node; @ 129 c2
Event: 2.694 Thread 0x00000294b2c0d800 DEOPT PACKING pc=0x00000294a1f03aa8 sp=0x000000cc757fce00
Event: 2.694 Thread 0x00000294b2c0d800 DEOPT UNPACKING pc=0x000002949a3974af sp=0x000000cc757fcd10 mode 2

Classes redefined (0 events):
No events

Internal exceptions (20 events):
Event: 1.992 Thread 0x00000294b2db5000 Exception <a 'java/lang/NoSuchMethodError'{0x000000008c43bcf8}: <clinit>> (0x000000008c43bcf8) thrown at [./src/hotspot/share/prims/jni.cpp, line 1362]
Event: 2.003 Thread 0x00000294b2db5000 Exception <a 'java/lang/NoSuchMethodError'{0x000000008c489da8}: <clinit>> (0x000000008c489da8) thrown at [./src/hotspot/share/prims/jni.cpp, line 1362]
Event: 2.009 Thread 0x00000294b2db5000 Exception <a 'java/lang/NoSuchMethodError'{0x000000008c4c5280}: <clinit>> (0x000000008c4c5280) thrown at [./src/hotspot/share/prims/jni.cpp, line 1362]
Event: 2.013 Thread 0x00000294b2db5000 Exception <a 'java/lang/NoSuchMethodError'{0x000000008c4f7c98}: <clinit>> (0x000000008c4f7c98) thrown at [./src/hotspot/share/prims/jni.cpp, line 1362]
Event: 2.069 Thread 0x00000294b2c0d800 Exception <a 'java/lang/NoSuchMethodError'{0x000000008c09aaf8}: 'void java.lang.invoke.DelegatingMethodHandle$Holder.reinvoke_L(java.lang.Object, java.lang.Object, java.lang.Object, java.lang.Object)'> (0x000000008c09aaf8) thrown at [./src/hotspot/share/interpreter/linkResolver.cpp, line 773]
Event: 2.076 Thread 0x00000294b2c0d800 Exception <a 'java/lang/NoSuchMethodError'{0x000000008c0d1858}: 'long java.lang.invoke.DirectMethodHandle$Holder.invokeInterface(java.lang.Object, java.lang.Object)'> (0x000000008c0d1858) thrown at [./src/hotspot/share/interpreter/linkResolver.cpp, line 773]
Event: 2.079 Thread 0x00000294b2c0d800 Exception <a 'java/lang/NoSuchMethodError'{0x000000008c0f3100}: 'void java.lang.invoke.DelegatingMethodHandle$Holder.reinvoke_L(java.lang.Object, java.lang.Object, java.lang.Object, java.lang.Object, java.lang.Object, java.lang.Object, java.lang.Object)'> (0x000000008c0f3100) thrown at [./src/hotspot/share/interpreter/linkResolver.cpp, line 773]
Event: 2.235 Thread 0x00000294b2c0d800 Exception <a 'java/lang/NoSuchMethodError'{0x000000008b1415f8}: 'java.lang.Object java.lang.invoke.DirectMethodHandle$Holder.invokeVirtual(java.lang.Object, java.lang.Object, java.lang.Object)'> (0x000000008b1415f8) thrown at [./src/hotspot/share/interpreter/linkResolver.cpp, line 773]
Event: 2.259 Thread 0x00000294b2c0d800 Exception <a 'java/lang/NoSuchMethodError'{0x000000008ae9f560}: 'void java.lang.invoke.DirectMethodHandle$Holder.invokeStaticInit(java.lang.Object)'> (0x000000008ae9f560) thrown at [./src/hotspot/share/interpreter/linkResolver.cpp, line 773]
Event: 2.355 Thread 0x00000294b2c0d800 Exception <a 'java/lang/NoSuchMethodError'{0x000000008a729a70}: 'int java.lang.invoke.DirectMethodHandle$Holder.invokeSpecialIFC(java.lang.Object, java.lang.Object, java.lang.Object, java.lang.Object)'> (0x000000008a729a70) thrown at [./src/hotspot/share/interpreter/linkResolver.cpp, line 773]
Event: 2.357 Thread 0x00000294b2c0d800 Exception <a 'java/lang/NoSuchMethodError'{0x000000008a737790}: 'java.lang.Object java.lang.invoke.DirectMethodHandle$Holder.invokeInterface(java.lang.Object, java.lang.Object, java.lang.Object)'> (0x000000008a737790) thrown at [./src/hotspot/share/interpreter/linkResolver.cpp, line 773]
Event: 2.357 Thread 0x00000294b2c0d800 Exception <a 'java/lang/IncompatibleClassChangeError'{0x000000008a73ac68}: Found class java.lang.Object, but interface was expected> (0x000000008a73ac68) thrown at [./src/hotspot/share/interpreter/linkResolver.cpp, line 839]
Event: 2.429 Thread 0x00000294b2c0d800 Exception <a 'java/lang/NoSuchMethodError'{0x000000008fae0430}: 'void java.lang.invoke.DirectMethodHandle$Holder.invokeSpecial(java.lang.Object, java.lang.Object)'> (0x000000008fae0430) thrown at [./src/hotspot/share/interpreter/linkResolver.cpp, line 773]
Event: 2.501 Thread 0x00000294b2c0d800 Exception <a 'java/lang/NoSuchMethodError'{0x000000008f0e93b0}: 'java.lang.Object java.lang.invoke.DirectMethodHandle$Holder.invokeVirtual(java.lang.Object, java.lang.Object, java.lang.Object, java.lang.Object)'> (0x000000008f0e93b0) thrown at [./src/hotspot/share/interpreter/linkResolver.cpp, line 773]
Event: 2.664 Thread 0x00000294b2c0d800 Exception <a 'java/lang/NoSuchMethodError'{0x000000008e37cf30}: 'void java.lang.invoke.DirectMethodHandle$Holder.invokeSpecial(java.lang.Object, java.lang.Object, java.lang.Object, java.lang.Object, java.lang.Object, java.lang.Object)'> (0x000000008e37cf30) thrown at [./src/hotspot/share/interpreter/linkResolver.cpp, line 773]
Event: 2.688 Thread 0x00000294b2c0d800 Exception <a 'java/lang/NoSuchMethodError'{0x000000008e126a68}: 'java.lang.Object java.lang.invoke.Invokers$Holder.invoker(java.lang.Object, java.lang.Object, java.lang.Object)'> (0x000000008e126a68) thrown at [./src/hotspot/share/interpreter/linkResolver.cpp, line 773]
Event: 2.705 Thread 0x00000294b2c0d800 Exception <a 'java/lang/NoSuchMethodError'{0x000000008e0263a8}: 'void java.lang.invoke.DirectMethodHandle$Holder.invokeSpecial(java.lang.Object, java.lang.Object, java.lang.Object, java.lang.Object, java.lang.Object, java.lang.Object, java.lang.Object)'> (0x000000008e0263a8) thrown at [./src/hotspot/share/interpreter/linkResolver.cpp, line 773]
Event: 2.706 Thread 0x00000294b2c0d800 Exception <a 'java/lang/NoSuchMethodError'{0x000000008e02e5f0}: 'java.lang.Object java.lang.invoke.Invokers$Holder.linkToTargetMethod(java.lang.Object, java.lang.Object, java.lang.Object, java.lang.Object, java.lang.Object, java.lang.Object)'> (0x000000008e02e5f0) thrown at [./src/hotspot/share/interpreter/linkResolver.cpp, line 773]
Event: 2.717 Thread 0x00000294b2c0d800 Exception <a 'java/lang/NoSuchMethodError'{0x000000008df51680}: 'java.lang.Object java.lang.invoke.DirectMethodHandle$Holder.invokeVirtual(java.lang.Object, java.lang.Object, java.lang.Object, java.lang.Object, java.lang.Object, java.lang.Object, java.lang.Object, java.lang.Object, java.lang.Object, java.lang.Object, java.lang.Object, java.lang.Object, java.lang.Object, java.lang.Object, java.lang.Object, java.lang.Object, java.lang.Object)'> (0x000000008df51680) thrown at [./src/hotspot/share/interpreter/
Event: 2.718 Thread 0x00000294b2c0d800 Exception <a 'java/lang/NoSuchMethodError'{0x000000008df80db8}: 'java.lang.Object java.lang.invoke.DirectMethodHandle$Holder.invokeSpecial(java.lang.Object, java.lang.Object, java.lang.Object, java.lang.Object, java.lang.Object, java.lang.Object, java.lang.Object, java.lang.Object, java.lang.Object)'> (0x000000008df80db8) thrown at [./src/hotspot/share/interpreter/linkResolver.cpp, line 773]

Events (20 events):
Event: 2.765 loading class kotlin/reflect/jvm/internal/KCallableImpl$_returnType$1
Event: 2.765 loading class kotlin/reflect/jvm/internal/KCallableImpl$_returnType$1 done
Event: 2.766 loading class kotlin/reflect/jvm/internal/KCallableImpl$_typeParameters$1
Event: 2.766 loading class kotlin/reflect/jvm/internal/KCallableImpl$_typeParameters$1 done
Event: 2.766 loading class kotlin/reflect/jvm/internal/KPropertyImpl$_javaField$1
Event: 2.766 loading class kotlin/reflect/jvm/internal/KPropertyImpl$_javaField$1 done
Event: 2.766 loading class kotlin/reflect/jvm/internal/KPropertyImpl$_descriptor$1
Event: 2.766 loading class kotlin/reflect/jvm/internal/KPropertyImpl$_descriptor$1 done
Event: 2.766 loading class kotlin/reflect/jvm/internal/KProperty0Impl$_getter$1
Event: 2.766 loading class kotlin/reflect/jvm/internal/KProperty0Impl$_getter$1 done
Event: 2.766 loading class kotlin/reflect/jvm/internal/KProperty0Impl$delegateFieldValue$1
Event: 2.766 loading class kotlin/reflect/jvm/internal/KProperty0Impl$delegateFieldValue$1 done
Event: 2.767 loading class kotlin/SafePublicationLazyImpl
Event: 2.767 loading class kotlin/SafePublicationLazyImpl done
Event: 2.767 loading class kotlin/SafePublicationLazyImpl$Companion
Event: 2.767 loading class kotlin/SafePublicationLazyImpl$Companion done
Event: 2.767 loading class org/gradle/api/internal/project/ProjectFactory
Event: 2.767 loading class org/gradle/api/internal/project/ProjectFactory done
Event: 2.768 loading class org/gradle/initialization/NotifyingBuildLoader
Event: 2.768 loading class org/gradle/initialization/NotifyingBuildLoader done


Dynamic libraries:
0x00007ff742d50000 - 0x00007ff742d5a000 	D:\AndroidStudio\jre\bin\java.exe
0x00007ffb049b0000 - 0x00007ffb04ba5000 	C:\WINDOWS\SYSTEM32\ntdll.dll
0x00007ffb02b80000 - 0x00007ffb02c3d000 	C:\WINDOWS\System32\KERNEL32.DLL
0x00007ffb02430000 - 0x00007ffb026f8000 	C:\WINDOWS\System32\KERNELBASE.dll
0x00007ffb02290000 - 0x00007ffb02390000 	C:\WINDOWS\System32\ucrtbase.dll
0x00007ffaf3d40000 - 0x00007ffaf3d59000 	D:\AndroidStudio\jre\bin\jli.dll
0x00007ffaf3580000 - 0x00007ffaf3597000 	D:\AndroidStudio\jre\bin\VCRUNTIME140.dll
0x00007ffb036f0000 - 0x00007ffb03890000 	C:\WINDOWS\System32\USER32.dll
0x00007ffb029f0000 - 0x00007ffb02a12000 	C:\WINDOWS\System32\win32u.dll
0x00007ffaf5430000 - 0x00007ffaf56ca000 	C:\WINDOWS\WinSxS\amd64_microsoft.windows.common-controls_6595b64144ccf1df_6.0.19041.1052_none_60b8f8fd71f5e8cb\COMCTL32.dll
0x00007ffb02a20000 - 0x00007ffb02a4a000 	C:\WINDOWS\System32\GDI32.dll
0x00007ffb03000000 - 0x00007ffb0309e000 	C:\WINDOWS\System32\msvcrt.dll
0x00007ffb02780000 - 0x00007ffb0288b000 	C:\WINDOWS\System32\gdi32full.dll
0x00007ffb02390000 - 0x00007ffb0242d000 	C:\WINDOWS\System32\msvcp_win.dll
0x00007ffb03480000 - 0x00007ffb034b0000 	C:\WINDOWS\System32\IMM32.DLL
0x00007ffaeb6a0000 - 0x00007ffaeb73d000 	D:\AndroidStudio\jre\bin\msvcp140.dll
0x00007ffab9460000 - 0x00007ffab9f1c000 	D:\AndroidStudio\jre\bin\server\jvm.dll
0x00007ffb048c0000 - 0x00007ffb0496c000 	C:\WINDOWS\System32\ADVAPI32.dll
0x00007ffb033e0000 - 0x00007ffb0347b000 	C:\WINDOWS\System32\sechost.dll
0x00007ffb02a50000 - 0x00007ffb02b7b000 	C:\WINDOWS\System32\RPCRT4.dll
0x00007ffb04290000 - 0x00007ffb04298000 	C:\WINDOWS\System32\PSAPI.DLL
0x00007ffafc560000 - 0x00007ffafc569000 	C:\WINDOWS\SYSTEM32\WSOCK32.dll
0x00007ffaf6130000 - 0x00007ffaf6157000 	C:\WINDOWS\SYSTEM32\WINMM.dll
0x00007ffafcc40000 - 0x00007ffafcc4a000 	C:\WINDOWS\SYSTEM32\VERSION.dll
0x00007ffb042a0000 - 0x00007ffb0430b000 	C:\WINDOWS\System32\WS2_32.dll
0x00007ffafff60000 - 0x00007ffafff72000 	C:\WINDOWS\SYSTEM32\kernel.appcore.dll
0x00007ffaf9140000 - 0x00007ffaf9151000 	D:\AndroidStudio\jre\bin\verify.dll
0x00007ffaf1710000 - 0x00007ffaf18f4000 	C:\WINDOWS\SYSTEM32\DBGHELP.DLL
0x00007ffaeeeb0000 - 0x00007ffaeeedc000 	C:\WINDOWS\SYSTEM32\dbgcore.DLL
0x00007ffb020f0000 - 0x00007ffb02173000 	C:\WINDOWS\System32\bcryptPrimitives.dll
0x00007ffaf5bb0000 - 0x00007ffaf5bd9000 	D:\AndroidStudio\jre\bin\java.dll
0x00007ffafc2d0000 - 0x00007ffafc2db000 	D:\AndroidStudio\jre\bin\jimage.dll
0x00007ffaf8ff0000 - 0x00007ffaf9008000 	D:\AndroidStudio\jre\bin\zip.dll
0x00007ffb039f0000 - 0x00007ffb0412f000 	C:\WINDOWS\System32\SHELL32.dll
0x00007ffb00240000 - 0x00007ffb009d0000 	C:\WINDOWS\SYSTEM32\windows.storage.dll
0x00007ffb02ca0000 - 0x00007ffb02ff5000 	C:\WINDOWS\System32\combase.dll
0x00007ffb01a90000 - 0x00007ffb01abc000 	C:\WINDOWS\SYSTEM32\Wldp.dll
0x00007ffb04310000 - 0x00007ffb043be000 	C:\WINDOWS\System32\SHCORE.dll
0x00007ffb03690000 - 0x00007ffb036e5000 	C:\WINDOWS\System32\shlwapi.dll
0x00007ffb02030000 - 0x00007ffb0204f000 	C:\WINDOWS\SYSTEM32\profapi.dll
0x00007ffaf89a0000 - 0x00007ffaf89ba000 	D:\AndroidStudio\jre\bin\net.dll
0x00007ffafb140000 - 0x00007ffafb24b000 	C:\WINDOWS\SYSTEM32\WINHTTP.dll
0x00007ffb01800000 - 0x00007ffb0186a000 	C:\WINDOWS\system32\mswsock.dll
0x00007ffaf4130000 - 0x00007ffaf4144000 	D:\AndroidStudio\jre\bin\nio.dll
0x00007ffafd440000 - 0x00007ffafd466000 	C:\Users\gokul\.gradle\native\fdc75f09e3144964f2cf3f50f0aa648679c211496f362492102eb8c894070792\windows-amd64\native-platform.dll
0x00007ffaf2de0000 - 0x00007ffaf2f71000 	C:\Users\gokul\.gradle\native\12488b8bf47d2d4c9fbf2f6322a914ad602e24e48041cd04a747c6da556b65c4\windows-amd64\native-platform-file-events.dll
0x00007ffaf9130000 - 0x00007ffaf913a000 	D:\AndroidStudio\jre\bin\management.dll
0x00007ffaf8cb0000 - 0x00007ffaf8cbc000 	D:\AndroidStudio\jre\bin\management_ext.dll
0x00007ffb019e0000 - 0x00007ffb019f8000 	C:\WINDOWS\SYSTEM32\CRYPTSP.dll
0x00007ffb011a0000 - 0x00007ffb011d4000 	C:\WINDOWS\system32\rsaenh.dll
0x00007ffb02700000 - 0x00007ffb02727000 	C:\WINDOWS\System32\bcrypt.dll
0x00007ffb01fb0000 - 0x00007ffb01fde000 	C:\WINDOWS\SYSTEM32\USERENV.dll
0x00007ffb019d0000 - 0x00007ffb019dc000 	C:\WINDOWS\SYSTEM32\CRYPTBASE.dll
0x00007ffb014f0000 - 0x00007ffb0152b000 	C:\WINDOWS\SYSTEM32\IPHLPAPI.DLL
0x00007ffb038b0000 - 0x00007ffb038b8000 	C:\WINDOWS\System32\NSI.dll
0x00007ffafc240000 - 0x00007ffafc257000 	C:\WINDOWS\SYSTEM32\dhcpcsvc6.DLL
0x00007ffafbe90000 - 0x00007ffafbead000 	C:\WINDOWS\SYSTEM32\dhcpcsvc.DLL
0x00007ffb01530000 - 0x00007ffb015fc000 	C:\WINDOWS\SYSTEM32\DNSAPI.dll
0x00007ffafc500000 - 0x00007ffafc50b000 	C:\WINDOWS\SYSTEM32\WINNSI.DLL

dbghelp: loaded successfully - version: 4.0.5 - missing functions: none
symbol engine: initialized successfully - sym options: 0x614 - pdb path: .;D:\AndroidStudio\jre\bin;C:\WINDOWS\SYSTEM32;C:\WINDOWS\WinSxS\amd64_microsoft.windows.common-controls_6595b64144ccf1df_6.0.19041.1052_none_60b8f8fd71f5e8cb;D:\AndroidStudio\jre\bin\server;C:\Users\gokul\.gradle\native\fdc75f09e3144964f2cf3f50f0aa648679c211496f362492102eb8c894070792\windows-amd64;C:\Users\gokul\.gradle\native\12488b8bf47d2d4c9fbf2f6322a914ad602e24e48041cd04a747c6da556b65c4\windows-amd64

VM Arguments:
jvm_args: --add-opens=java.base/java.util=ALL-UNNAMED --add-opens=java.base/java.lang=ALL-UNNAMED --add-opens=java.base/java.lang.invoke=ALL-UNNAMED --add-opens=java.prefs/java.util.prefs=ALL-UNNAMED -Xmx2048m -Dfile.encoding=UTF-8 -Duser.country=IN -Duser.language=en -Duser.variant 
java_command: org.gradle.launcher.daemon.bootstrap.GradleDaemon 6.7.1
java_class_path (initial): C:\Users\gokul\.gradle\wrapper\dists\gradle-6.7.1-bin\bwlcbys1h7rz3272sye1xwiv6\gradle-6.7.1\lib\gradle-launcher-6.7.1.jar
Launcher Type: SUN_STANDARD

[Global flags]
     intx CICompilerCount                          = 4                                         {product} {ergonomic}
     uint ConcGCThreads                            = 2                                         {product} {ergonomic}
     uint G1ConcRefinementThreads                  = 8                                         {product} {ergonomic}
   size_t G1HeapRegionSize                         = 1048576                                   {product} {ergonomic}
    uintx GCDrainStackTargetSize                   = 64                                        {product} {ergonomic}
   size_t InitialHeapSize                          = 266338304                                 {product} {ergonomic}
   size_t MarkStackSize                            = 4194304                                   {product} {ergonomic}
   size_t MaxHeapSize                              = 2147483648                                {product} {command line}
   size_t MaxNewSize                               = 1287651328                                {product} {ergonomic}
   size_t MinHeapDeltaBytes                        = 1048576                                   {product} {ergonomic}
    uintx NonNMethodCodeHeapSize                   = 5836300                                {pd product} {ergonomic}
    uintx NonProfiledCodeHeapSize                  = 122910970                              {pd product} {ergonomic}
    uintx ProfiledCodeHeapSize                     = 122910970                              {pd product} {ergonomic}
    uintx ReservedCodeCacheSize                    = 251658240                              {pd product} {ergonomic}
     bool SegmentedCodeCache                       = true                                      {product} {ergonomic}
     bool UseCompressedClassPointers               = true                                 {lp64_product} {ergonomic}
     bool UseCompressedOops                        = true                                 {lp64_product} {ergonomic}
     bool UseG1GC                                  = true                                      {product} {ergonomic}
     bool UseLargePagesIndividualAllocation        = false                                  {pd product} {ergonomic}

Logging:
Log output configuration:
 #0: stdout all=warning uptime,level,tags
 #1: stderr all=off uptime,level,tags

Environment Variables:
PATH=C:\Program Files (x86)\VMware\VMware Player\bin\;C:\Windows\system32;C:\Windows;C:\Windows\System32\Wbem;C:\Windows\System32\WindowsPowerShell\v1.0\;C:\Windows\System32\OpenSSH\;C:\Program Files\NVIDIA Corporation\NVIDIA NGX;C:\Program Files (x86)\NVIDIA Corporation\PhysX\Common;C:\Program Files\NVIDIA Corporation\NVIDIA NvDLISR;C:\WINDOWS\system32;C:\WINDOWS;C:\WINDOWS\System32\Wbem;C:\WINDOWS\System32\WindowsPowerShell\v1.0\;C:\WINDOWS\System32\OpenSSH\;C:\Program Files\Git\cmd;C:\flutter\bin;C:\Program Files\mongodb-win32-x86_64-windows-4.4.6\bin;C:\Users\gokul\anaconda3;C:\Users\gokul\anaconda3\Library\mingw-w64\bin;C:\Users\gokul\anaconda3\Library\usr\bin;C:\Users\gokul\anaconda3\Library\bin;C:\Users\gokul\anaconda3\Scripts;C:\Users\gokul\AppData\Local\Microsoft\WindowsApps;C:\Program Files\Java\jdk-11.0.11\bin;
USERNAME=gokul
OS=Windows_NT
PROCESSOR_IDENTIFIER=Intel64 Family 6 Model 158 Stepping 10, GenuineIntel



---------------  S Y S T E M  ---------------

OS: Windows 10 , 64 bit Build 19041 (10.0.19041.1023)
OS uptime: 0 days 1:25 hours

CPU:total 8 (initial active 8) (4 cores per cpu, 2 threads per core) family 6 model 158 stepping 10, cmov, cx8, fxsr, mmx, sse, sse2, sse3, ssse3, sse4.1, sse4.2, popcnt, avx, avx2, aes, clmul, erms, 3dnowpref, lzcnt, ht, tsc, tscinvbit, bmi1, bmi2, adx, fma

Memory: 4k page, system-wide physical 16221M (9755M free)
TotalPageFile size 20189M (AvailPageFile size 12136M)
current process WorkingSet (physical memory assigned to process): 218M, peak: 220M
current process commit charge ("private bytes"): 408M, peak: 411M

vm_info: OpenJDK 64-Bit Server VM (11.0.8+10-b944.6842174) for windows-amd64 JRE (11.0.8+10-b944.6842174), built on Sep 19 2020 01:11:42 by "builder" with MS VC++ 14.0 (VS2015)

END.
